PS00213	USERSEQ1	446916615	WP_000993871.1	 fatty acid desaturase [Acinetobacter baumannii] 
NA	NA	447081648	WP_001158904.1	 membrane protein [Acinetobacter baumannii] 
PS51257	USERSEQ1	446574189	WP_000651535.1	 rhombosortase [Acinetobacter baumannii] 
NA	NA	193078456	ABS90302.2	 hypothetical protein A1S_3877 [Acinetobacter baumannii ATCC 17978] 
NA	NA	497203870	WP_009518132.1	 hypothetical protein [Acinetobacter baumannii] 
PS00073	USERSEQ1	447113294	WP_001190550.1	 acyl-CoA dehydrogenase [Acinetobacter baumannii] 
PS00755	USERSEQ1	169147541	CAM85402.1	 secretion protein [Acinetobacter baumannii AYE] 
PS50881	USERSEQ1	193078466	ABO13461.2	 30S ribosomal protein S5 [Acinetobacter baumannii ATCC 17978] 
PS00464	USERSEQ1	407009697	EKE24783.1	 50S ribosomal protein L22 [uncultured bacterium] 
PS00768	USERSEQ1	446548677	WP_000626023.1	 hydroxyisourate hydrolase [Acinetobacter baumannii] 
PS01116	USERSEQ1	446939187	WP_001016443.1	 purine permease [Acinetobacter baumannii] 
NA	NA	447099016	WP_001176272.1	 MULTISPECIES: ion channel protein Tsx [Acinetobacter calcoaceticus/baumannii complex] 
NA	NA	500187181	WP_011860538.1	 ureidoglycolate lyase [Acinetobacter baumannii] 
PS50880	USERSEQ1	193078690	ABO13748.2	 topoisomerase IV subunit B [Acinetobacter baumannii ATCC 17978]
NA	NA	446944464	WP_001021720.1	 MULTISPECIES: esterase [Acinetobacter calcoaceticus/baumannii complex] 
PS01228	USERSEQ1	446582122	WP_000659468.1	 haloacid dehalogenase-like hydrolase [Acinetobacter baumannii] 
NA	NA	446968741	WP_001045997.1	 SH3 domain-containing protein [Acinetobacter baumannii] 
NA	NA	446521633	WP_000598979.1	 hypothetical protein [Acinetobacter baumannii] 
NA	NA	1025824694	WP_063558583.1	 LysM peptidoglycan-binding domain-containing protein [Acinetobacter baumannii] 
PS51782	USERSEQ1	193078696	ABO13752.2	 membrane metalloendopeptidase protein [Acinetobacter baumannii ATCC 17978]
NA	NA	447162784	WP_001240040.1	 MULTISPECIES: disulfide bond formation protein B [Acinetobacter calcoaceticus/baumannii complex] 
PS01124	USERSEQ1	446109305	WP_000187160.1	 AraC family transcriptional regulator [Acinetobacter baumannii] 
NA	NA	446690912	WP_000768258.1	 Long-chain fatty acid transport protein [Acinetobacter baumannii] 
NA	NA	487912713	WP_001986179.1	 phosphoadenylyl-sulfate reductase [Acinetobacter baumannii] 
NA	NA	447170330	WP_001247586.1	 wax ester/triacylglycerol synthase family O-acyltransferase [Acinetobacter baumannii] 
PS50126	USERSEQ1	193078229	ABO13189.2	 ribonuclease G endoribonuclease G [Acinetobacter baumannii ATCC 17978] 
NA	NA	445990209	WP_000068064.1	 septum formation inhibitor Maf [Acinetobacter baumannii] 
NA	NA	447043753	WP_001121009.1	 rod shape-determining protein MreD [Acinetobacter baumannii] 
PS00571	USERSEQ1	446052815	WP_000130670.1	 Asp-tRNA(Asn)/Glu-tRNA(Gln) amidotransferase subunit GatA [Acinetobacter baumannii] 
PS01234	USERSEQ1	446719336	WP_000796649.1	 Asp-tRNA(Asn)/Glu-tRNA(Gln) amidotransferase subunit GatB [Acinetobacter baumannii] 
PS51276	USERSEQ1	445959882	WP_000037737.1	 DJ-1/PfpI family protein [Acinetobacter baumannii] 
Prosite_sig_AC	Prosite_seq_AC	BLAST_gi	BLAST_ref	BLAST_anno
NA	NA	446712548	WP_000789892.1	 DUF1176 domain-containing protein [Acinetobacter baumannii] 
PS00142	USERSEQ1	446758909	WP_000836165.1	 M13 family peptidase [Acinetobacter baumannii] 
NA	NA	446639165	WP_000716511.1	 MULTISPECIES: cystathionine beta-lyase [Acinetobacter calcoaceticus/baumannii complex] 
PS51197	USERSEQ1	193078481	ABO13483.2	 hypothetical protein A1S_3086 [Acinetobacter baumannii ATCC 17978]
NA	NA	1194608222	WP_085943436.1	 metal-dependent hydrolase [Acinetobacter baumannii] 
NA	NA	193078484	ABO13486.2	 putative Proton/sodium-glutamate symport protein [Acinetobacter baumannii ATCC 17978]
NA	NA	445967549	WP_000045404.1	 glycerol-3-phosphate 1-O-acyltransferase PlsB [Acinetobacter baumannii] 
NA	NA	446635561	WP_000712907.1	 MULTISPECIES: RND transporter [Acinetobacter] 
NA	NA	446922338	WP_000999594.1	 MULTISPECIES: DUF924 domain-containing protein [Acinetobacter calcoaceticus/baumannii complex] 
NA	NA	446862605	WP_000939861.1	 pyridoxal phosphate-dependent aminotransferase [Acinetobacter baumannii] 
NA	NA	487911819	WP_001985285.1	 MATE family efflux transporter [Acinetobacter baumannii] 
NA	NA	446542522	WP_000619868.1	 alpha/beta fold hydrolase [Acinetobacter baumannii] 
NA	NA	445933365	WP_000011220.1	 phosphatidylserine decarboxylase proenzyme [Acinetobacter baumannii] 
NA	NA	169147230	CAM85089.1	 nicotinate phosphoribosyltransferase [Acinetobacter baumannii AYE] 
PS51402	USERSEQ1	193078710	ABO13771.2	 Catalase [Acinetobacter baumannii ATCC 17978]
NA	NA	447124761	WP_001202017.1	 D-tyrosyl-tRNA(Tyr) deacylase [Acinetobacter baumannii] 
NA	NA	953975541	WP_058061277.1	 peptide antibiotic transporter SbmA [Acinetobacter baumannii] 
PS50850	USERSEQ1	445925841	WP_000003696.1	 MFS transporter [Acinetobacter baumannii] 
NA	NA	193078248	ABO13208.2	 putative membrane protein [Acinetobacter baumannii ATCC 17978] 
PS50902	USERSEQ1	446395188	WP_000473043.1	 membrane protein [Acinetobacter baumannii] 
NA	NA	447120904	WP_001198160.1	 YdcF family protein [Acinetobacter baumannii] 
NA	NA	446940262	WP_001017518.1	 DUF1853 family protein [Acinetobacter baumannii] 
NA	NA	446939317	WP_001016573.1	 MULTISPECIES: succinyl-diaminopimelate desuccinylase [Acinetobacter calcoaceticus/baumannii complex] 
NA	NA	446601574	WP_000678920.1	 MULTISPECIES: hypothetical protein [Acinetobacter] 
NA	NA	193078491	ABO13497.2	 putative toluene tolerance protein (Ttg2D) [Acinetobacter baumannii ATCC 17978]
PS01021	USERSEQ1	260409604	EEX02905.1	 coproporphyrinogen III oxidase, aerobic [Acinetobacter baumannii ATCC 19606 = CIP 70.34 = JCM 6841] 
NA	NA	446088160	WP_000166015.1	 shikimate dehydrogenase [Acinetobacter baumannii] 
PS51257	USERSEQ1	446472499	WP_000550353.1	 hypothetical protein [Acinetobacter baumannii] 
PS51257	USERSEQ1	260409600	EEX02901.1	 hypothetical protein HMPREF0010_02594 [Acinetobacter baumannii ATCC 19606 = CIP 70.34 = JCM 6841] 
NA	NA	446403528	WP_000481383.1	 DNA metabolism protein [Acinetobacter baumannii] 
NA	NA	446730088	WP_000807401.1	 thiamine-phosphate kinase [Acinetobacter baumannii] 
NA	NA	446302821	WP_000380676.1	 MULTISPECIES: phosphatidylglycerophosphatase A [Acinetobacter] 
NA	NA	446546890	WP_000624236.1	 LysE family translocator [Acinetobacter baumannii] 
PS00923	USERSEQ1	446986469	WP_001063725.1	 glutamate racemase [Acinetobacter baumannii] 
NA	NA	193078721	ABO13788.2	 VirP protein [Acinetobacter baumannii ATCC 17978]
PS51409	USERSEQ1	446939634	WP_001016890.1	 formimidoylglutamase [Acinetobacter baumannii] 
PS50894	USERSEQ1	446581551	WP_000658897.1	 hybrid sensor histidine kinase/response regulator [Acinetobacter baumannii] 
NA	NA	193078263	ABO13222.2	 hypothetical protein A1S_2816 [Acinetobacter baumannii ATCC 17978]
NA	NA	446773211	WP_000850467.1	 MULTISPECIES: DsbC family protein [Acinetobacter calcoaceticus/baumannii complex] 
NA	NA	446657355	WP_000734701.1	 sel1 repeat family protein [Acinetobacter baumannii] 
NA	NA	446154004	WP_000231859.1	 hypothetical protein [Acinetobacter baumannii] 
NA	NA	447206510	WP_001283766.1	 MULTISPECIES: putative DNA modification/repair radical SAM protein [Acinetobacter calcoaceticus/baumannii complex] 
PS50850	USERSEQ1	447004839	WP_001082095.1	 tetracycline resistance MFS efflux pump [Acinetobacter baumannii] 
PS50861	USERSEQ1	445956037	WP_000033892.1	 glycine--tRNA ligase subunit beta [Acinetobacter baumannii] 
PS51257	USERSEQ1	446716121	WP_000793442.1	 hypothetical protein [Acinetobacter baumannii] 
NA	NA	447065331	WP_001142587.1	 hypothetical protein [Acinetobacter baumannii] 
NA	NA	446941040	WP_001018296.1	 EamA/RhaT family transporter [Acinetobacter baumannii] 
PS00136	USERSEQ1	447113687	WP_001190943.1	 MULTISPECIES: peptidase S8 [Acinetobacter] 
NA	NA	446705939	WP_000783285.1	 hypothetical protein [Acinetobacter baumannii] 
PS00687	USERSEQ1	445993790	WP_000071645.1	 MULTISPECIES: succinylglutamate-semialdehyde dehydrogenase [Acinetobacter calcoaceticus/baumannii complex] 
NA	NA	446493305	WP_000571159.1	 HutD family protein [Acinetobacter baumannii] 
NA	NA	193078728	ABO13799.2	 putative acyltransferase [Acinetobacter baumannii ATCC 17978]
NA	NA	193078729	ABO13800.2	 Putative GTPases (G3E family) [Acinetobacter baumannii ATCC 17978]
PS51257	USERSEQ1	446755987	WP_000833243.1	 hypothetical protein [Acinetobacter baumannii] 
PS50404	USERSEQ1	446703894	WP_000781240.1	 MULTISPECIES: maleylacetoacetate isomerase [Acinetobacter] 
NA	NA	446847370	WP_000924626.1	 MULTISPECIES: DUF523 domain-containing protein [Acinetobacter calcoaceticus/baumannii complex] 
NA	NA	446994501	WP_001071757.1	 MATE family efflux transporter [Acinetobacter baumannii] 
NA	NA	332738432	EGJ69305.1	 bile acid transporter [Acinetobacter baumannii 6014059]
NA	NA	487911610	WP_001985076.1	 bifunctional nicotinamidase/pyrazinamidase [Acinetobacter baumannii] 
NA	NA	447018899	WP_001096155.1	 NADH:flavin oxidoreductase/NADH oxidase [Acinetobacter baumannii] 
NA	NA	447202909	WP_001280165.1	 DNA-3-methyladenine glycosylase [Acinetobacter baumannii] 
PS51068	USERSEQ1	447037310	WP_001114566.1	 MULTISPECIES: bifunctional DNA-formamidopyrimidine glycosylase/DNA-(apurinic or apyrimidinic site) lyase [Acinetobacter calcoaceticus/baumannii complex] 
NA	NA	446995241	WP_001072497.1	 gamma-glutamylcyclotransferase [Acinetobacter baumannii] 
PS00092	USERSEQ1	446293666	WP_000371521.1	 16S rRNA methyltransferase [Acinetobacter baumannii] 
NA	NA	446434840	WP_000512695.1	 RtcB family protein [Acinetobacter baumannii] 
NA	NA	446399300	WP_000477155.1	 type 4 fimbrial biogenesis protein FimT [Acinetobacter baumannii] 
PS00098	USERSEQ1	446052116	WP_000129971.1	 MULTISPECIES: acetyl-CoA C-acyltransferase [Acinetobacter] 
NA	NA	447099322	WP_001176578.1	 VOC family protein [Acinetobacter baumannii] 
PS00217	USERSEQ1	169147739	CAM85602.1	 conserved hypothetical protein [Acinetobacter baumannii AYE]
